<?xml version="1.0" encoding="UTF-8"?>
<testsuite name="ru.stqa.pft.addressbook.tests.ContactCreationTests" tests="3" skipped="0" failures="0" errors="0" timestamp="2019-07-01T20:12:59" hostname="mari" time="80.055">
  <properties/>
  <testcase name="testContactCreation[0](ContactData{firstname='FirstName 0', lastname='Last 0', mobile='3456789 0', email='e@mail.com 0'})" classname="ru.stqa.pft.addressbook.tests.ContactCreationTests" time="40.331"/>
  <testcase name="testContactCreation[1](ContactData{firstname='FirstName 1', lastname='Last 1', mobile='3456789 1', email='e@mail.com 1'})" classname="ru.stqa.pft.addressbook.tests.ContactCreationTests" time="20.775"/>
  <testcase name="testContactCreation[2](ContactData{firstname='FirstName 2', lastname='Last 2', mobile='3456789 2', email='e@mail.com 2'})" classname="ru.stqa.pft.addressbook.tests.ContactCreationTests" time="18.948"/>
  <system-out><![CDATA[]]></system-out>
  <system-err><![CDATA[]]></system-err>
</testsuite>
