<?xml version="1.0" encoding="UTF-8"?>
<testsuite name="ru.stqa.pft.addressbook.tests.ContactModificationTests" tests="1" skipped="0" failures="0" errors="0" timestamp="2019-07-01T20:14:19" hostname="mari" time="19.031">
  <properties/>
  <testcase name="testContactEdition" classname="ru.stqa.pft.addressbook.tests.ContactModificationTests" time="19.031"/>
  <system-out><![CDATA[]]></system-out>
  <system-err><![CDATA[]]></system-err>
</testsuite>
